{"component":"products","error":{"message":"Unauthorized","statusCode":401},"level":"error","message":"Error fetching products from backend","service":"saas-pos","status":401,"timestamp":"2025-12-23T11:29:49.812Z"}
{"component":"products","error":{"message":"Unauthorized","statusCode":401},"level":"error","message":"Error fetching products from backend","service":"saas-pos","status":401,"timestamp":"2025-12-23T11:29:49.829Z"}
{"component":"products","error":{"message":"Unauthorized","statusCode":401},"level":"error","message":"Error fetching products from backend","service":"saas-pos","status":401,"timestamp":"2025-12-23T11:29:49.842Z"}
{"component":"products","error":{"message":"Unauthorized","statusCode":401},"level":"error","message":"Error fetching products from backend","service":"saas-pos","status":401,"timestamp":"2025-12-23T11:29:49.856Z"}
{"component":"products","error":{"message":"Unauthorized","statusCode":401},"level":"error","message":"Error fetching products from backend","service":"saas-pos","status":401,"timestamp":"2025-12-23T11:41:20.334Z"}
{"component":"products","error":{"message":"Unauthorized","statusCode":401},"level":"error","message":"Error fetching products from backend","service":"saas-pos","status":401,"timestamp":"2025-12-23T11:41:20.350Z"}
{"component":"products","error":{"message":"Unauthorized","statusCode":401},"level":"error","message":"Error fetching products from backend","service":"saas-pos","status":401,"timestamp":"2025-12-23T11:41:20.493Z"}
{"component":"products","error":{"message":"Unauthorized","statusCode":401},"level":"error","message":"Error fetching products from backend","service":"saas-pos","status":401,"timestamp":"2025-12-23T11:41:20.508Z"}
{"component":"sales","error":{"message":"Unauthorized","statusCode":401},"level":"error","message":"Error creating online sale","service":"saas-pos","status":401,"timestamp":"2025-12-23T11:46:58.347Z"}
{"component":"products","error":{"message":"Unauthorized","statusCode":401},"level":"error","message":"Error fetching products from backend","service":"saas-pos","status":401,"timestamp":"2025-12-23T11:47:00.709Z"}
{"component":"products","error":{"message":"Unauthorized","statusCode":401},"level":"error","message":"Error fetching products from backend","service":"saas-pos","status":401,"timestamp":"2025-12-23T11:47:00.724Z"}
{"component":"products","error":{"message":"Unauthorized","statusCode":401},"level":"error","message":"Error fetching products from backend","service":"saas-pos","status":401,"timestamp":"2025-12-23T11:47:00.734Z"}
{"component":"products","error":{"message":"Unauthorized","statusCode":401},"level":"error","message":"Error fetching products from backend","service":"saas-pos","status":401,"timestamp":"2025-12-23T11:47:00.778Z"}
{"component":"products","error":{"message":"Unauthorized","statusCode":401},"level":"error","message":"Error fetching products from backend","service":"saas-pos","status":401,"timestamp":"2026-01-21T17:34:59.733Z"}
{"component":"products","error":{"message":"Unauthorized","statusCode":401},"level":"error","message":"Error fetching products from backend","service":"saas-pos","status":401,"timestamp":"2026-01-21T17:34:59.749Z"}
{"component":"products","error":{"message":"Unauthorized","statusCode":401},"level":"error","message":"Error fetching products from backend","service":"saas-pos","status":401,"timestamp":"2026-01-21T17:34:59.762Z"}
{"component":"products","error":{"message":"Unauthorized","statusCode":401},"level":"error","message":"Error fetching products from backend","service":"saas-pos","status":401,"timestamp":"2026-01-21T17:34:59.776Z"}
{"component":"products","error":{"message":"Unauthorized","statusCode":401},"level":"error","message":"Error fetching products from backend","service":"saas-pos","status":401,"timestamp":"2026-01-21T17:40:56.792Z"}
{"component":"products","error":{"message":"Unauthorized","statusCode":401},"level":"error","message":"Error fetching products from backend","service":"saas-pos","status":401,"timestamp":"2026-01-21T17:40:56.807Z"}
{"component":"products","error":{"message":"Unauthorized","statusCode":401},"level":"error","message":"Error fetching products from backend","service":"saas-pos","status":401,"timestamp":"2026-01-21T17:40:56.902Z"}
{"component":"products","error":{"message":"Unauthorized","statusCode":401},"level":"error","message":"Error fetching products from backend","service":"saas-pos","status":401,"timestamp":"2026-01-21T17:40:56.915Z"}
{"component":"sales","error":{"message":"Unauthorized","statusCode":401},"level":"error","message":"Error creating online sale","service":"saas-pos","status":401,"timestamp":"2026-01-21T17:41:55.262Z"}
{"component":"products","error":{"message":"Unauthorized","statusCode":401},"level":"error","message":"Error fetching products from backend","service":"saas-pos","status":401,"timestamp":"2026-01-21T17:43:36.843Z"}
{"component":"products","error":{"message":"Unauthorized","statusCode":401},"level":"error","message":"Error fetching products from backend","service":"saas-pos","status":401,"timestamp":"2026-01-21T17:43:36.858Z"}
{"component":"products","error":{"message":"Unauthorized","statusCode":401},"level":"error","message":"Error fetching products from backend","service":"saas-pos","status":401,"timestamp":"2026-01-21T17:43:37.000Z"}
{"component":"products","error":{"message":"Unauthorized","statusCode":401},"level":"error","message":"Error fetching products from backend","service":"saas-pos","status":401,"timestamp":"2026-01-21T17:43:37.015Z"}
{"component":"auth","error":{"error":"Unauthorized","message":"Invalid credentials","statusCode":401},"level":"error","message":"Login error","service":"saas-pos","status":401,"timestamp":"2026-01-21T17:44:13.726Z"}
{"component":"auth","error":{"error":"Unauthorized","message":"Invalid credentials","statusCode":401},"level":"error","message":"Login error","service":"saas-pos","status":401,"timestamp":"2026-01-21T17:45:05.583Z"}
{"component":"offline","error":"connect ECONNREFUSED 127.0.0.1:9000","level":"error","message":"Failed to sync offline sale offline_1769100357666_sipskzmto after 3 attempts","saleId":"offline_1769100357666_sipskzmto","service":"saas-pos","timestamp":"2026-01-22T16:47:29.701Z"}
{"component":"offline","error":"connect ECONNREFUSED 127.0.0.1:9000","level":"error","message":"Failed to sync offline sale offline_1769100378642_hxdqxtkvn after 3 attempts","saleId":"offline_1769100378642_hxdqxtkvn","service":"saas-pos","timestamp":"2026-01-22T16:47:29.715Z"}
{"component":"products","error":{"message":"Unauthorized","statusCode":401},"level":"error","message":"Error fetching products from backend","service":"saas-pos","status":401,"timestamp":"2026-01-27T13:27:56.793Z"}
{"component":"products","error":{"message":"Unauthorized","statusCode":401},"level":"error","message":"Error fetching products from backend","service":"saas-pos","status":401,"timestamp":"2026-01-27T13:27:56.907Z"}
{"component":"products","error":{"message":"Unauthorized","statusCode":401},"level":"error","message":"Error fetching products from backend","service":"saas-pos","status":401,"timestamp":"2026-01-27T13:27:57.014Z"}
{"component":"products","error":{"message":"Unauthorized","statusCode":401},"level":"error","message":"Error fetching products from backend","service":"saas-pos","status":401,"timestamp":"2026-01-27T13:27:57.042Z"}
{"component":"sales","error":{"message":"Unauthorized","statusCode":401},"level":"error","message":"Error creating online sale","service":"saas-pos","status":401,"timestamp":"2026-01-27T13:35:34.670Z"}
{"component":"auth","error":{"error":"Unauthorized","message":"Invalid credentials","statusCode":401},"level":"error","message":"Login error","service":"saas-pos","status":401,"timestamp":"2026-01-27T13:36:41.841Z"}
{"component":"auth","error":{"error":"Unauthorized","message":"Invalid credentials","statusCode":401},"level":"error","message":"Login error","service":"saas-pos","status":401,"timestamp":"2026-01-27T13:37:36.137Z"}
{"component":"products","error":{"message":"Unauthorized","statusCode":401},"level":"error","message":"Error fetching products from backend","service":"saas-pos","status":401,"timestamp":"2026-02-01T17:52:21.331Z"}
{"component":"products","error":{"message":"Unauthorized","statusCode":401},"level":"error","message":"Error fetching products from backend","service":"saas-pos","status":401,"timestamp":"2026-02-01T17:52:21.341Z"}
{"component":"products","error":{"message":"Unauthorized","statusCode":401},"level":"error","message":"Error fetching products from backend","service":"saas-pos","status":401,"timestamp":"2026-02-02T13:14:13.412Z"}
{"component":"products","error":{"message":"Unauthorized","statusCode":401},"level":"error","message":"Error fetching products from backend","service":"saas-pos","status":401,"timestamp":"2026-02-02T13:14:13.503Z"}
{"component":"products","error":{"message":"Unauthorized","statusCode":401},"level":"error","message":"Error fetching products from backend","service":"saas-pos","status":401,"timestamp":"2026-02-02T13:14:13.577Z"}
{"component":"products","error":{"message":"Unauthorized","statusCode":401},"level":"error","message":"Error fetching products from backend","service":"saas-pos","status":401,"timestamp":"2026-02-02T13:14:13.587Z"}
{"component":"sales","error":{"message":"Unauthorized","statusCode":401},"level":"error","message":"Error creating online sale","service":"saas-pos","status":401,"timestamp":"2026-02-02T13:14:30.774Z"}
